15:33:21 **** Build of configuration Debug for project Sensor_Temperatura ****
make all 
'Building file: ../Sources/Events.c'
'Invoking: Cross ARM C Compiler'
arm-none-eabi-gcc -mcpu=cortex-m0plus -mthumb -O0 -fmessage-length=0 -fsigned-char -ffunction-sections -fdata-sections  -g3 -I"C:/Users/ezequ_000/Documents/ARM/Temp_Sensor/Sensor_Temperatura/Static_Code\PDD" -I"C:/Users/ezequ_000/Documents/ARM/Temp_Sensor/Sensor_Temperatura/Static_Code\IO_Map" -I"C:/Users/ezequ_000/Documents/ARM/Temp_Sensor/Sensor_Temperatura/Sources" -I"C:/Users/ezequ_000/Documents/ARM/Temp_Sensor/Sensor_Temperatura/Generated_Code" -std=gnu99 -MMD -MP -MF"Sources/Events.d" -MT"Sources/Events.o" -c -o "Sources/Events.o" "../Sources/Events.c"
'Finished building: ../Sources/Events.c'
' '
'Building file: ../Sources/main.c'
'Invoking: Cross ARM C Compiler'
arm-none-eabi-gcc -mcpu=cortex-m0plus -mthumb -O0 -fmessage-length=0 -fsigned-char -ffunction-sections -fdata-sections  -g3 -I"C:/Users/ezequ_000/Documents/ARM/Temp_Sensor/Sensor_Temperatura/Static_Code\PDD" -I"C:/Users/ezequ_000/Documents/ARM/Temp_Sensor/Sensor_Temperatura/Static_Code\IO_Map" -I"C:/Users/ezequ_000/Documents/ARM/Temp_Sensor/Sensor_Temperatura/Sources" -I"C:/Users/ezequ_000/Documents/ARM/Temp_Sensor/Sensor_Temperatura/Generated_Code" -std=gnu99 -MMD -MP -MF"Sources/main.d" -MT"Sources/main.o" -c -o "Sources/main.o" "../Sources/main.c"
../Sources/main.c: In function 'main':
../Sources/main.c:78:8: warning: assignment from incompatible pointer type [enabled by default]
       P=&Data.Value;     // Codigo utilizado unicamente para cambiar el orden en que se envian los bytes
        ^
../Sources/main.c:79:14: warning: cast to pointer from integer of different size [-Wint-to-pointer-cast]
       temp = (uint8 *)Data.Value;  // solo para mostrarse en la terminal, no es necesario.
              ^
../Sources/main.c:79:12: warning: assignment makes integer from pointer without a cast [enabled by default]
       temp = (uint8 *)Data.Value;  // solo para mostrarse en la terminal, no es necesario.
            ^
'Finished building: ../Sources/main.c'
' '
'Building file: ../Project_Settings/Startup_Code/startup.c'
'Invoking: Cross ARM C Compiler'
arm-none-eabi-gcc -mcpu=cortex-m0plus -mthumb -O0 -fmessage-length=0 -fsigned-char -ffunction-sections -fdata-sections  -g3 -I"C:/Users/ezequ_000/Documents/ARM/Temp_Sensor/Sensor_Temperatura/Static_Code\PDD" -I"C:/Users/ezequ_000/Documents/ARM/Temp_Sensor/Sensor_Temperatura/Static_Code\IO_Map" -I"C:/Users/ezequ_000/Documents/ARM/Temp_Sensor/Sensor_Temperatura/Sources" -I"C:/Users/ezequ_000/Documents/ARM/Temp_Sensor/Sensor_Temperatura/Generated_Code" -std=gnu99 -MMD -MP -MF"Project_Settings/Startup_Code/startup.d" -MT"Project_Settings/Startup_Code/startup.o" -c -o "Project_Settings/Startup_Code/startup.o" "../Project_Settings/Startup_Code/startup.c"
'Finished building: ../Project_Settings/Startup_Code/startup.c'
' '
'Building file: ../Generated_Code/AD1.c'
'Invoking: Cross ARM C Compiler'
arm-none-eabi-gcc -mcpu=cortex-m0plus -mthumb -O0 -fmessage-length=0 -fsigned-char -ffunction-sections -fdata-sections  -g3 -I"C:/Users/ezequ_000/Documents/ARM/Temp_Sensor/Sensor_Temperatura/Static_Code\PDD" -I"C:/Users/ezequ_000/Documents/ARM/Temp_Sensor/Sensor_Temperatura/Static_Code\IO_Map" -I"C:/Users/ezequ_000/Documents/ARM/Temp_Sensor/Sensor_Temperatura/Sources" -I"C:/Users/ezequ_000/Documents/ARM/Temp_Sensor/Sensor_Temperatura/Generated_Code" -std=gnu99 -MMD -MP -MF"Generated_Code/AD1.d" -MT"Generated_Code/AD1.o" -c -o "Generated_Code/AD1.o" "../Generated_Code/AD1.c"
'Finished building: ../Generated_Code/AD1.c'
' '
'Building file: ../Generated_Code/AS1.c'
'Invoking: Cross ARM C Compiler'
arm-none-eabi-gcc -mcpu=cortex-m0plus -mthumb -O0 -fmessage-length=0 -fsigned-char -ffunction-sections -fdata-sections  -g3 -I"C:/Users/ezequ_000/Documents/ARM/Temp_Sensor/Sensor_Temperatura/Static_Code\PDD" -I"C:/Users/ezequ_000/Documents/ARM/Temp_Sensor/Sensor_Temperatura/Static_Code\IO_Map" -I"C:/Users/ezequ_000/Documents/ARM/Temp_Sensor/Sensor_Temperatura/Sources" -I"C:/Users/ezequ_000/Documents/ARM/Temp_Sensor/Sensor_Temperatura/Generated_Code" -std=gnu99 -MMD -MP -MF"Generated_Code/AS1.d" -MT"Generated_Code/AS1.o" -c -o "Generated_Code/AS1.o" "../Generated_Code/AS1.c"
'Finished building: ../Generated_Code/AS1.c'
' '
'Building file: ../Generated_Code/ASerialLdd1.c'
'Invoking: Cross ARM C Compiler'
arm-none-eabi-gcc -mcpu=cortex-m0plus -mthumb -O0 -fmessage-length=0 -fsigned-char -ffunction-sections -fdata-sections  -g3 -I"C:/Users/ezequ_000/Documents/ARM/Temp_Sensor/Sensor_Temperatura/Static_Code\PDD" -I"C:/Users/ezequ_000/Documents/ARM/Temp_Sensor/Sensor_Temperatura/Static_Code\IO_Map" -I"C:/Users/ezequ_000/Documents/ARM/Temp_Sensor/Sensor_Temperatura/Sources" -I"C:/Users/ezequ_000/Documents/ARM/Temp_Sensor/Sensor_Temperatura/Generated_Code" -std=gnu99 -MMD -MP -MF"Generated_Code/ASerialLdd1.d" -MT"Generated_Code/ASerialLdd1.o" -c -o "Generated_Code/ASerialLdd1.o" "../Generated_Code/ASerialLdd1.c"
'Finished building: ../Generated_Code/ASerialLdd1.c'
' '
'Building file: ../Generated_Code/AdcLdd1.c'
'Invoking: Cross ARM C Compiler'
arm-none-eabi-gcc -mcpu=cortex-m0plus -mthumb -O0 -fmessage-length=0 -fsigned-char -ffunction-sections -fdata-sections  -g3 -I"C:/Users/ezequ_000/Documents/ARM/Temp_Sensor/Sensor_Temperatura/Static_Code\PDD" -I"C:/Users/ezequ_000/Documents/ARM/Temp_Sensor/Sensor_Temperatura/Static_Code\IO_Map" -I"C:/Users/ezequ_000/Documents/ARM/Temp_Sensor/Sensor_Temperatura/Sources" -I"C:/Users/ezequ_000/Documents/ARM/Temp_Sensor/Sensor_Temperatura/Generated_Code" -std=gnu99 -MMD -MP -MF"Generated_Code/AdcLdd1.d" -MT"Generated_Code/AdcLdd1.o" -c -o "Generated_Code/AdcLdd1.o" "../Generated_Code/AdcLdd1.c"
'Finished building: ../Generated_Code/AdcLdd1.c'
' '
'Building file: ../Generated_Code/Cpu.c'
'Invoking: Cross ARM C Compiler'
arm-none-eabi-gcc -mcpu=cortex-m0plus -mthumb -O0 -fmessage-length=0 -fsigned-char -ffunction-sections -fdata-sections  -g3 -I"C:/Users/ezequ_000/Documents/ARM/Temp_Sensor/Sensor_Temperatura/Static_Code\PDD" -I"C:/Users/ezequ_000/Documents/ARM/Temp_Sensor/Sensor_Temperatura/Static_Code\IO_Map" -I"C:/Users/ezequ_000/Documents/ARM/Temp_Sensor/Sensor_Temperatura/Sources" -I"C:/Users/ezequ_000/Documents/ARM/Temp_Sensor/Sensor_Temperatura/Generated_Code" -std=gnu99 -MMD -MP -MF"Generated_Code/Cpu.d" -MT"Generated_Code/Cpu.o" -c -o "Generated_Code/Cpu.o" "../Generated_Code/Cpu.c"
'Finished building: ../Generated_Code/Cpu.c'
' '
'Building file: ../Generated_Code/PE_LDD.c'
'Invoking: Cross ARM C Compiler'
arm-none-eabi-gcc -mcpu=cortex-m0plus -mthumb -O0 -fmessage-length=0 -fsigned-char -ffunction-sections -fdata-sections  -g3 -I"C:/Users/ezequ_000/Documents/ARM/Temp_Sensor/Sensor_Temperatura/Static_Code\PDD" -I"C:/Users/ezequ_000/Documents/ARM/Temp_Sensor/Sensor_Temperatura/Static_Code\IO_Map" -I"C:/Users/ezequ_000/Documents/ARM/Temp_Sensor/Sensor_Temperatura/Sources" -I"C:/Users/ezequ_000/Documents/ARM/Temp_Sensor/Sensor_Temperatura/Generated_Code" -std=gnu99 -MMD -MP -MF"Generated_Code/PE_LDD.d" -MT"Generated_Code/PE_LDD.o" -c -o "Generated_Code/PE_LDD.o" "../Generated_Code/PE_LDD.c"
'Finished building: ../Generated_Code/PE_LDD.c'
' '
'Building file: ../Generated_Code/Vectors.c'
'Invoking: Cross ARM C Compiler'
arm-none-eabi-gcc -mcpu=cortex-m0plus -mthumb -O0 -fmessage-length=0 -fsigned-char -ffunction-sections -fdata-sections  -g3 -I"C:/Users/ezequ_000/Documents/ARM/Temp_Sensor/Sensor_Temperatura/Static_Code\PDD" -I"C:/Users/ezequ_000/Documents/ARM/Temp_Sensor/Sensor_Temperatura/Static_Code\IO_Map" -I"C:/Users/ezequ_000/Documents/ARM/Temp_Sensor/Sensor_Temperatura/Sources" -I"C:/Users/ezequ_000/Documents/ARM/Temp_Sensor/Sensor_Temperatura/Generated_Code" -std=gnu99 -MMD -MP -MF"Generated_Code/Vectors.d" -MT"Generated_Code/Vectors.o" -c -o "Generated_Code/Vectors.o" "../Generated_Code/Vectors.c"
'Finished building: ../Generated_Code/Vectors.c'
' '
'Building file: ../Generated_Code/WAIT1.c'
'Invoking: Cross ARM C Compiler'
arm-none-eabi-gcc -mcpu=cortex-m0plus -mthumb -O0 -fmessage-length=0 -fsigned-char -ffunction-sections -fdata-sections  -g3 -I"C:/Users/ezequ_000/Documents/ARM/Temp_Sensor/Sensor_Temperatura/Static_Code\PDD" -I"C:/Users/ezequ_000/Documents/ARM/Temp_Sensor/Sensor_Temperatura/Static_Code\IO_Map" -I"C:/Users/ezequ_000/Documents/ARM/Temp_Sensor/Sensor_Temperatura/Sources" -I"C:/Users/ezequ_000/Documents/ARM/Temp_Sensor/Sensor_Temperatura/Generated_Code" -std=gnu99 -MMD -MP -MF"Generated_Code/WAIT1.d" -MT"Generated_Code/WAIT1.o" -c -o "Generated_Code/WAIT1.o" "../Generated_Code/WAIT1.c"
'Finished building: ../Generated_Code/WAIT1.c'
' '
'Building target: Sensor_Temperatura.elf'
'Invoking: Cross ARM C++ Linker'
arm-none-eabi-g++ -mcpu=cortex-m0plus -mthumb -O0 -fmessage-length=0 -fsigned-char -ffunction-sections -fdata-sections  -g3 -T "C:/Users/ezequ_000/Documents/ARM/Temp_Sensor/Sensor_Temperatura/Project_Settings/Linker_Files/ProcessorExpert.ld" -Xlinker --gc-sections -L"C:/Users/ezequ_000/Documents/ARM/Temp_Sensor/Sensor_Temperatura/Project_Settings/Linker_Files" -Wl,-Map,"Sensor_Temperatura.map" -nanolibc -o "Sensor_Temperatura.elf"  ./Sources/Events.o ./Sources/main.o  ./Project_Settings/Startup_Code/startup.o  ./Generated_Code/AD1.o ./Generated_Code/AS1.o ./Generated_Code/ASerialLdd1.o ./Generated_Code/AdcLdd1.o ./Generated_Code/Cpu.o ./Generated_Code/PE_LDD.o ./Generated_Code/Vectors.o ./Generated_Code/WAIT1.o   
'Finished building target: Sensor_Temperatura.elf'
' '

15:33:27 Build Finished (took 5s.442ms)

